<?xml version="1.0" encoding="UTF-8"?>
<testsuite name="leapYearTest" tests="4" skipped="0" failures="0" errors="0" timestamp="2022-10-11T14:49:32" hostname="DESKTOP-9SL7H9L" time="0.041">
  <properties/>
  <testcase name="test_verify_year_is_divisible_by_4_but_not_100()" classname="leapYearTest" time="0.032"/>
  <testcase name="test_verify_year_is_divisible_by_100_but_not_400()" classname="leapYearTest" time="0.002"/>
  <testcase name="test_verify_year_is_not_divisible_by_4()" classname="leapYearTest" time="0.001"/>
  <testcase name="test_verify_year_is_divisible_by_400()" classname="leapYearTest" time="0.002"/>
  <system-out><![CDATA[]]></system-out>
  <system-err><![CDATA[]]></system-err>
</testsuite>
